[debug] [2017-11-16T19:51:56.314Z] ----------------------------------------------------------------------
[debug] [2017-11-16T19:51:56.316Z] Command:       /usr/local/bin/node /usr/local/bin/firebase deploy
[debug] [2017-11-16T19:51:56.316Z] CLI Version:   3.14.0
[debug] [2017-11-16T19:51:56.316Z] Platform:      darwin
[debug] [2017-11-16T19:51:56.317Z] Node Version:  v8.8.1
[debug] [2017-11-16T19:51:56.317Z] Time:          Thu Nov 16 2017 11:51:56 GMT-0800 (PST)
[debug] [2017-11-16T19:51:56.317Z] ----------------------------------------------------------------------
[debug] 
[debug] [2017-11-16T19:51:56.326Z] > command requires scopes: ["email","openid","https://www.googleapis.com/auth/cloudplatformprojects.readonly","https://www.googleapis.com/auth/firebase","https://www.googleapis.com/auth/cloud-platform"]
[debug] [2017-11-16T19:51:56.326Z] > authorizing via signed-in user
[debug] [2017-11-16T19:51:56.328Z] >>> HTTP REQUEST GET https://admin.firebase.com/v1/projects/polymer-sandbox-c16ff  
 Thu Nov 16 2017 11:51:56 GMT-0800 (PST)
[debug] [2017-11-16T19:51:57.164Z] <<< HTTP RESPONSE 200
[debug] [2017-11-16T19:51:57.164Z] >>> HTTP REQUEST GET https://admin.firebase.com/v1/database/polymer-sandbox-c16ff/tokens  
 Thu Nov 16 2017 11:51:57 GMT-0800 (PST)
[debug] [2017-11-16T19:51:57.903Z] <<< HTTP RESPONSE 200
[info] 1
[info] 
[info] === Deploying to 'polymer-sandbox-c16ff'...
[info] 
[info] i  deploying hosting
[info] i  hosting: preparing  directory for upload...
[debug] [2017-11-16T19:52:13.999Z] >>> HTTP REQUEST PUT https://deploy.firebase.com/v1/hosting/polymer-sandbox-c16ff/uploads/-Kz5Npr9iPVa_pC7wEoY?fileCount=20648&message=  
 Thu Nov 16 2017 11:52:13 GMT-0800 (PST)
[debug] [2017-11-16T19:55:07.283Z] ----------------------------------------------------------------------
[debug] [2017-11-16T19:55:07.284Z] Command:       /usr/local/bin/node /usr/local/bin/firebase deploy
[debug] [2017-11-16T19:55:07.285Z] CLI Version:   3.14.0
[debug] [2017-11-16T19:55:07.285Z] Platform:      darwin
[debug] [2017-11-16T19:55:07.285Z] Node Version:  v8.8.1
[debug] [2017-11-16T19:55:07.285Z] Time:          Thu Nov 16 2017 11:55:07 GMT-0800 (PST)
[debug] [2017-11-16T19:55:07.285Z] ----------------------------------------------------------------------
[debug] 
[debug] [2017-11-16T19:55:07.295Z] > command requires scopes: ["email","openid","https://www.googleapis.com/auth/cloudplatformprojects.readonly","https://www.googleapis.com/auth/firebase","https://www.googleapis.com/auth/cloud-platform"]
[debug] [2017-11-16T19:55:07.295Z] > authorizing via signed-in user
[debug] [2017-11-16T19:55:07.297Z] >>> HTTP REQUEST GET https://admin.firebase.com/v1/projects/polymer-sandbox-c16ff  
 Thu Nov 16 2017 11:55:07 GMT-0800 (PST)
[debug] [2017-11-16T19:55:07.875Z] <<< HTTP RESPONSE 200
[debug] [2017-11-16T19:55:07.876Z] >>> HTTP REQUEST GET https://admin.firebase.com/v1/database/polymer-sandbox-c16ff/tokens  
 Thu Nov 16 2017 11:55:07 GMT-0800 (PST)
[debug] [2017-11-16T19:55:10.439Z] <<< HTTP RESPONSE 200
[info] 1
[info] 
[info] === Deploying to 'polymer-sandbox-c16ff'...
[info] 
[info] i  deploying hosting
[info] i  hosting: preparing  directory for upload...
[debug] [2017-11-16T19:55:22.204Z] >>> HTTP REQUEST PUT https://deploy.firebase.com/v1/hosting/polymer-sandbox-c16ff/uploads/-Kz5OZ8tuGZ6jEqCBzcc?fileCount=20648&message=  
 Thu Nov 16 2017 11:55:22 GMT-0800 (PST)
